<?xml version="1.0" encoding="UTF-8"?>
<TestRun id="c61cbec2-0ded-4a49-a7d9-43ddd8aa043b" name="Marcin@MARCIN-KOMPUTER 2013-05-20 22:27:41" runUser="Marcin-Komputer\Marcin" xmlns="http://microsoft.com/schemas/VisualStudio/TeamTest/2010">
  <TestSettings name="Local" id="31046817-227f-4161-9a97-5d34efa999fb">
    <Description>These are default test settings for a local test run.</Description>
    <Deployment enabled="false" runDeploymentRoot="Marcin_MARCIN-KOMPUTER 2013-05-20 22_27_41">
      <DeploymentItem filename="C:\Users\Marcin\Desktop\Blog\packages\DbTestHelpers\YamlDotNet.Core.dll" />
      <DeploymentItem filename="C:\Users\Marcin\Desktop\Blog\Blog.DAL\bin\Debug\Blog.DAL.dll" />
      <DeploymentItem filename="C:\Users\Marcin\Desktop\Blog\packages\EntityFramework.5.0.0\lib\net40\EntityFramework.dll" />
      <DeploymentItem filename="C:\Users\Marcin\Desktop\Blog\packages\DbTestHelpers\YamlDotNet.RepresentationModel.dll" />
      <DeploymentItem filename="C:\Users\Marcin\Desktop\Blog\packages\DbTestHelpers\TDD.DbTestHelpers.dll" />
    </Deployment>
    <Execution>
      <TestTypeSpecific />
      <AgentRule name="Execution Agents">
      </AgentRule>
    </Execution>
  </TestSettings>
  <Times creation="2013-05-20T22:27:41.8162047+02:00" queuing="2013-05-20T22:27:41.8277855+02:00" start="2013-05-20T22:27:41.8393663+02:00" finish="2013-05-20T22:27:43.2174815+02:00" />
  <ResultSummary outcome="Completed">
    <Counters total="4" executed="4" passed="4" error="0" failed="0" timeout="0" aborted="0" inconclusive="0" passedButRunAborted="0" notRunnable="0" notExecuted="0" disconnected="0" warning="0" completed="0" inProgress="0" pending="0" />
  </ResultSummary>
  <TestDefinitions>
    <UnitTest name="GetAllPost_OnePostInDb_ReturnOnePost" storage="c:\users\marcin\desktop\blog\blog.dal.tests\bin\debug\blog.dal.tests.dll" id="8eb3fc89-a933-3141-9fc4-10d31ead6588">
      <Execution id="16dd2a37-9a61-4bb6-af08-aa17ccb53d7b" />
      <TestMethod codeBase="C:/Users/Marcin/Desktop/Blog/Blog.DAL.Tests/bin/Debug/Blog.DAL.Tests.DLL" adapterTypeName="Microsoft.VisualStudio.TestTools.TestTypes.Unit.UnitTestAdapter, Microsoft.VisualStudio.QualityTools.Tips.UnitTest.Adapter, Version=10.0.0.0, Culture=neutral, PublicKeyToken=b03f5f7f11d50a3a" className="Blog.DAL.Tests.RepositoryTests, Blog.DAL.Tests, Version=1.0.0.0, Culture=neutral, PublicKeyToken=null" name="GetAllPost_OnePostInDb_ReturnOnePost" />
    </UnitTest>
    <UnitTest name="GetAllPost_AddPost_TwoPostsExpected" storage="c:\users\marcin\desktop\blog\blog.dal.tests\bin\debug\blog.dal.tests.dll" id="a27eb2de-2f8f-8b86-c856-8e6bc5b885db">
      <Execution id="1817f785-3c7a-4958-bb1d-733557645a9f" />
      <TestMethod codeBase="C:/Users/Marcin/Desktop/Blog/Blog.DAL.Tests/bin/Debug/Blog.DAL.Tests.DLL" adapterTypeName="Microsoft.VisualStudio.TestTools.TestTypes.Unit.UnitTestAdapter, Microsoft.VisualStudio.QualityTools.Tips.UnitTest.Adapter, Version=10.0.0.0, Culture=neutral, PublicKeyToken=b03f5f7f11d50a3a" className="Blog.DAL.Tests.RepositoryTests, Blog.DAL.Tests, Version=1.0.0.0, Culture=neutral, PublicKeyToken=null" name="GetAllPost_AddPost_TwoPostsExpected" />
    </UnitTest>
    <UnitTest name="GetAllPost_AddPostWithoutAuthor_ValidatePost" storage="c:\users\marcin\desktop\blog\blog.dal.tests\bin\debug\blog.dal.tests.dll" id="76ad8f6a-4818-5920-1b84-c94b13a5c852">
      <Execution id="82b7ecfd-3ad2-4ce7-ab8f-38e3b92298f3" />
      <TestMethod codeBase="C:/Users/Marcin/Desktop/Blog/Blog.DAL.Tests/bin/Debug/Blog.DAL.Tests.DLL" adapterTypeName="Microsoft.VisualStudio.TestTools.TestTypes.Unit.UnitTestAdapter, Microsoft.VisualStudio.QualityTools.Tips.UnitTest.Adapter, Version=10.0.0.0, Culture=neutral, PublicKeyToken=b03f5f7f11d50a3a" className="Blog.DAL.Tests.RepositoryTests, Blog.DAL.Tests, Version=1.0.0.0, Culture=neutral, PublicKeyToken=null" name="GetAllPost_AddPostWithoutAuthor_ValidatePost" />
    </UnitTest>
    <UnitTest name="GetComments_AddPostAndComment_OneCommentExpected" storage="c:\users\marcin\desktop\blog\blog.dal.tests\bin\debug\blog.dal.tests.dll" id="e4e80f04-5d91-2d87-768c-10132d8bd0cb">
      <Execution id="9329567a-bf42-42b7-8bfd-252d0ba8f6ca" />
      <TestMethod codeBase="C:/Users/Marcin/Desktop/Blog/Blog.DAL.Tests/bin/Debug/Blog.DAL.Tests.DLL" adapterTypeName="Microsoft.VisualStudio.TestTools.TestTypes.Unit.UnitTestAdapter, Microsoft.VisualStudio.QualityTools.Tips.UnitTest.Adapter, Version=10.0.0.0, Culture=neutral, PublicKeyToken=b03f5f7f11d50a3a" className="Blog.DAL.Tests.RepositoryTests, Blog.DAL.Tests, Version=1.0.0.0, Culture=neutral, PublicKeyToken=null" name="GetComments_AddPostAndComment_OneCommentExpected" />
    </UnitTest>
  </TestDefinitions>
  <TestLists>
    <TestList name="Results Not in a List" id="8c84fa94-04c1-424b-9868-57a2d4851a1d" />
    <TestList name="All Loaded Results" id="19431567-8539-422a-85d7-44ee4e166bda" />
  </TestLists>
  <TestEntries>
    <TestEntry testId="76ad8f6a-4818-5920-1b84-c94b13a5c852" executionId="82b7ecfd-3ad2-4ce7-ab8f-38e3b92298f3" testListId="8c84fa94-04c1-424b-9868-57a2d4851a1d" />
    <TestEntry testId="8eb3fc89-a933-3141-9fc4-10d31ead6588" executionId="16dd2a37-9a61-4bb6-af08-aa17ccb53d7b" testListId="8c84fa94-04c1-424b-9868-57a2d4851a1d" />
    <TestEntry testId="a27eb2de-2f8f-8b86-c856-8e6bc5b885db" executionId="1817f785-3c7a-4958-bb1d-733557645a9f" testListId="8c84fa94-04c1-424b-9868-57a2d4851a1d" />
    <TestEntry testId="e4e80f04-5d91-2d87-768c-10132d8bd0cb" executionId="9329567a-bf42-42b7-8bfd-252d0ba8f6ca" testListId="8c84fa94-04c1-424b-9868-57a2d4851a1d" />
  </TestEntries>
  <Results>
    <UnitTestResult executionId="82b7ecfd-3ad2-4ce7-ab8f-38e3b92298f3" testId="76ad8f6a-4818-5920-1b84-c94b13a5c852" testName="GetAllPost_AddPostWithoutAuthor_ValidatePost" computerName="MARCIN-KOMPUTER" duration="00:00:00.9737510" startTime="2013-05-20T22:27:41.8414719+02:00" endTime="2013-05-20T22:27:43.1122015+02:00" testType="13cdc9d9-ddb5-4fa4-a97d-d965ccfc6d4b" outcome="Passed" testListId="8c84fa94-04c1-424b-9868-57a2d4851a1d" relativeResultsDirectory="82b7ecfd-3ad2-4ce7-ab8f-38e3b92298f3">
      <Output>
        <DebugTrace>Constr
SetUp
Applying fixtures
C:\Users\Marcin\Desktop\Blog\Blog.DAL.Tests\bin\Debug\Fixtures\posts.yml
FixtureSetUp
</DebugTrace>
      </Output>
    </UnitTestResult>
    <UnitTestResult executionId="16dd2a37-9a61-4bb6-af08-aa17ccb53d7b" testId="8eb3fc89-a933-3141-9fc4-10d31ead6588" testName="GetAllPost_OnePostInDb_ReturnOnePost" computerName="MARCIN-KOMPUTER" duration="00:00:00.0167830" startTime="2013-05-20T22:27:43.1143071+02:00" endTime="2013-05-20T22:27:43.1374687+02:00" testType="13cdc9d9-ddb5-4fa4-a97d-d965ccfc6d4b" outcome="Passed" testListId="8c84fa94-04c1-424b-9868-57a2d4851a1d" relativeResultsDirectory="16dd2a37-9a61-4bb6-af08-aa17ccb53d7b">
      <Output>
        <DebugTrace>Constr
SetUp
Applying fixtures
C:\Users\Marcin\Desktop\Blog\Blog.DAL.Tests\bin\Debug\Fixtures\posts.yml
FixtureSetUp
</DebugTrace>
      </Output>
    </UnitTestResult>
    <UnitTestResult executionId="1817f785-3c7a-4958-bb1d-733557645a9f" testId="a27eb2de-2f8f-8b86-c856-8e6bc5b885db" testName="GetAllPost_AddPost_TwoPostsExpected" computerName="MARCIN-KOMPUTER" duration="00:00:00.0170365" startTime="2013-05-20T22:27:43.1395743+02:00" endTime="2013-05-20T22:27:43.1627359+02:00" testType="13cdc9d9-ddb5-4fa4-a97d-d965ccfc6d4b" outcome="Passed" testListId="8c84fa94-04c1-424b-9868-57a2d4851a1d" relativeResultsDirectory="1817f785-3c7a-4958-bb1d-733557645a9f">
      <Output>
        <DebugTrace>Constr
SetUp
Applying fixtures
C:\Users\Marcin\Desktop\Blog\Blog.DAL.Tests\bin\Debug\Fixtures\posts.yml
FixtureSetUp
</DebugTrace>
      </Output>
    </UnitTestResult>
    <UnitTestResult executionId="9329567a-bf42-42b7-8bfd-252d0ba8f6ca" testId="e4e80f04-5d91-2d87-768c-10132d8bd0cb" testName="GetComments_AddPostAndComment_OneCommentExpected" computerName="MARCIN-KOMPUTER" duration="00:00:00.0260971" startTime="2013-05-20T22:27:43.1637887+02:00" endTime="2013-05-20T22:27:43.1985311+02:00" testType="13cdc9d9-ddb5-4fa4-a97d-d965ccfc6d4b" outcome="Passed" testListId="8c84fa94-04c1-424b-9868-57a2d4851a1d" relativeResultsDirectory="9329567a-bf42-42b7-8bfd-252d0ba8f6ca">
      <Output>
        <DebugTrace>Constr
SetUp
Applying fixtures
C:\Users\Marcin\Desktop\Blog\Blog.DAL.Tests\bin\Debug\Fixtures\posts.yml
FixtureSetUp
</DebugTrace>
      </Output>
    </UnitTestResult>
  </Results>
</TestRun>