<?xml version="1.0" encoding="UTF-8"?>
<TestRun id="bc1cd8a9-0462-426c-a2bc-2e722b2e4e73" name="Marcin@MARCIN-KOMPUTER 2013-05-20 22:20:09" runUser="Marcin-Komputer\Marcin" xmlns="http://microsoft.com/schemas/VisualStudio/TeamTest/2010">
  <TestSettings name="Local" id="31046817-227f-4161-9a97-5d34efa999fb">
    <Description>These are default test settings for a local test run.</Description>
    <Deployment enabled="false" runDeploymentRoot="Marcin_MARCIN-KOMPUTER 2013-05-20 22_20_09">
      <DeploymentItem filename="C:\Users\Marcin\Desktop\Blog\packages\DbTestHelpers\YamlDotNet.Core.dll" />
      <DeploymentItem filename="C:\Users\Marcin\Desktop\Blog\Blog.DAL\bin\Debug\Blog.DAL.dll" />
      <DeploymentItem filename="C:\Users\Marcin\Desktop\Blog\packages\EntityFramework.5.0.0\lib\net40\EntityFramework.dll" />
      <DeploymentItem filename="C:\Users\Marcin\Desktop\Blog\packages\DbTestHelpers\YamlDotNet.RepresentationModel.dll" />
      <DeploymentItem filename="C:\Users\Marcin\Desktop\Blog\packages\DbTestHelpers\TDD.DbTestHelpers.dll" />
    </Deployment>
    <Execution>
      <TestTypeSpecific />
      <AgentRule name="Execution Agents">
      </AgentRule>
    </Execution>
  </TestSettings>
  <Times creation="2013-05-20T22:20:09.0203497+02:00" queuing="2013-05-20T22:20:09.0310918+02:00" start="2013-05-20T22:20:09.0428106+02:00" finish="2013-05-20T22:20:10.2732793+02:00" />
  <ResultSummary outcome="Failed">
    <Counters total="1" executed="1" error="0" failed="1" timeout="0" aborted="0" inconclusive="0" passedButRunAborted="0" notRunnable="0" notExecuted="0" disconnected="0" warning="0" passed="0" completed="0" inProgress="0" pending="0" />
  </ResultSummary>
  <TestDefinitions>
    <UnitTest name="GetComments_AddPostAndComment_OneCommentExpected" storage="c:\users\marcin\desktop\blog\blog.dal.tests\bin\debug\blog.dal.tests.dll" id="e4e80f04-5d91-2d87-768c-10132d8bd0cb">
      <Execution id="3bcfb208-b871-417a-9fc9-85e48134ab16" />
      <TestMethod codeBase="C:/Users/Marcin/Desktop/Blog/Blog.DAL.Tests/bin/Debug/Blog.DAL.Tests.DLL" adapterTypeName="Microsoft.VisualStudio.TestTools.TestTypes.Unit.UnitTestAdapter, Microsoft.VisualStudio.QualityTools.Tips.UnitTest.Adapter, Version=10.0.0.0, Culture=neutral, PublicKeyToken=b03f5f7f11d50a3a" className="Blog.DAL.Tests.RepositoryTests, Blog.DAL.Tests, Version=1.0.0.0, Culture=neutral, PublicKeyToken=null" name="GetComments_AddPostAndComment_OneCommentExpected" />
    </UnitTest>
  </TestDefinitions>
  <TestLists>
    <TestList name="Results Not in a List" id="8c84fa94-04c1-424b-9868-57a2d4851a1d" />
    <TestList name="All Loaded Results" id="19431567-8539-422a-85d7-44ee4e166bda" />
  </TestLists>
  <TestEntries>
    <TestEntry testId="e4e80f04-5d91-2d87-768c-10132d8bd0cb" executionId="3bcfb208-b871-417a-9fc9-85e48134ab16" testListId="8c84fa94-04c1-424b-9868-57a2d4851a1d" />
  </TestEntries>
  <Results>
    <UnitTestResult executionId="3bcfb208-b871-417a-9fc9-85e48134ab16" testId="e4e80f04-5d91-2d87-768c-10132d8bd0cb" testName="GetComments_AddPostAndComment_OneCommentExpected" computerName="MARCIN-KOMPUTER" duration="00:00:00.9705738" startTime="2013-05-20T22:20:09.0457403+02:00" endTime="2013-05-20T22:20:10.2146856+02:00" testType="13cdc9d9-ddb5-4fa4-a97d-d965ccfc6d4b" outcome="Failed" testListId="8c84fa94-04c1-424b-9868-57a2d4851a1d" relativeResultsDirectory="3bcfb208-b871-417a-9fc9-85e48134ab16">
      <Output>
        <DebugTrace>Constr
SetUp
Applying fixtures
C:\Users\Marcin\Desktop\Blog\Blog.DAL.Tests\bin\Debug\Fixtures\posts.yml
FixtureSetUp
</DebugTrace>
        <ErrorInfo>
          <Message>Test method Blog.DAL.Tests.RepositoryTests.GetComments_AddPostAndComment_OneCommentExpected threw exception: 
System.NullReferenceException: Object reference not set to an instance of an object.</Message>
          <StackTrace>    at Blog.DAL.Tests.RepositoryTests.GetComments_AddPostAndComment_OneCommentExpected() in C:\Users\Marcin\Desktop\Blog\Blog.DAL.Tests\RepositoryTests.cs:line 118
</StackTrace>
        </ErrorInfo>
      </Output>
    </UnitTestResult>
  </Results>
</TestRun>