<?xml version="1.0" encoding="UTF-8"?>
<TestRun id="1c66ce45-b132-4aea-bfa7-713b3a05d521" name="Marcin@MARCIN-KOMPUTER 2013-05-20 21:46:15" runUser="Marcin-Komputer\Marcin" xmlns="http://microsoft.com/schemas/VisualStudio/TeamTest/2010">
  <TestSettings name="Local" id="31046817-227f-4161-9a97-5d34efa999fb">
    <Description>These are default test settings for a local test run.</Description>
    <Deployment enabled="false" runDeploymentRoot="Marcin_MARCIN-KOMPUTER 2013-05-20 21_46_15">
      <DeploymentItem filename="C:\Users\Marcin\Desktop\Blog\packages\DbTestHelpers\YamlDotNet.Core.dll" />
      <DeploymentItem filename="C:\Users\Marcin\Desktop\Blog\Blog.DAL\bin\Debug\Blog.DAL.dll" />
      <DeploymentItem filename="C:\Users\Marcin\Desktop\Blog\packages\EntityFramework.5.0.0\lib\net40\EntityFramework.dll" />
      <DeploymentItem filename="C:\Users\Marcin\Desktop\Blog\packages\DbTestHelpers\YamlDotNet.RepresentationModel.dll" />
      <DeploymentItem filename="C:\Users\Marcin\Desktop\Blog\packages\DbTestHelpers\TDD.DbTestHelpers.dll" />
    </Deployment>
    <Execution>
      <TestTypeSpecific />
      <AgentRule name="Execution Agents">
      </AgentRule>
    </Execution>
  </TestSettings>
  <Times creation="2013-05-20T21:46:15.7001414+02:00" queuing="2013-05-20T21:46:16.0591462+02:00" start="2013-05-20T21:46:16.1265254+02:00" finish="2013-05-20T21:46:18.0226182+02:00" />
  <ResultSummary outcome="Failed">
    <Counters total="1" executed="1" error="0" failed="1" timeout="0" aborted="0" inconclusive="0" passedButRunAborted="0" notRunnable="0" notExecuted="0" disconnected="0" warning="0" passed="0" completed="0" inProgress="0" pending="0" />
  </ResultSummary>
  <TestDefinitions>
    <UnitTest name="GetAllPost_AddPostWithoutAuthor_ValidatePost" storage="c:\users\marcin\desktop\blog\blog.dal.tests\bin\debug\blog.dal.tests.dll" id="76ad8f6a-4818-5920-1b84-c94b13a5c852">
      <Execution id="91b07b33-f532-4d48-bd95-59fdd6d0f708" />
      <TestMethod codeBase="C:/Users/Marcin/Desktop/Blog/Blog.DAL.Tests/bin/Debug/Blog.DAL.Tests.DLL" adapterTypeName="Microsoft.VisualStudio.TestTools.TestTypes.Unit.UnitTestAdapter, Microsoft.VisualStudio.QualityTools.Tips.UnitTest.Adapter, Version=10.0.0.0, Culture=neutral, PublicKeyToken=b03f5f7f11d50a3a" className="Blog.DAL.Tests.RepositoryTests, Blog.DAL.Tests, Version=1.0.0.0, Culture=neutral, PublicKeyToken=null" name="GetAllPost_AddPostWithoutAuthor_ValidatePost" />
    </UnitTest>
  </TestDefinitions>
  <TestLists>
    <TestList name="Results Not in a List" id="8c84fa94-04c1-424b-9868-57a2d4851a1d" />
    <TestList name="All Loaded Results" id="19431567-8539-422a-85d7-44ee4e166bda" />
  </TestLists>
  <TestEntries>
    <TestEntry testId="76ad8f6a-4818-5920-1b84-c94b13a5c852" executionId="91b07b33-f532-4d48-bd95-59fdd6d0f708" testListId="8c84fa94-04c1-424b-9868-57a2d4851a1d" />
  </TestEntries>
  <Results>
    <UnitTestResult executionId="91b07b33-f532-4d48-bd95-59fdd6d0f708" testId="76ad8f6a-4818-5920-1b84-c94b13a5c852" testName="GetAllPost_AddPostWithoutAuthor_ValidatePost" computerName="MARCIN-KOMPUTER" duration="00:00:01.3230100" startTime="2013-05-20T21:46:16.2023270+02:00" endTime="2013-05-20T21:46:17.9583974+02:00" testType="13cdc9d9-ddb5-4fa4-a97d-d965ccfc6d4b" outcome="Failed" testListId="8c84fa94-04c1-424b-9868-57a2d4851a1d" relativeResultsDirectory="91b07b33-f532-4d48-bd95-59fdd6d0f708">
      <Output>
        <DebugTrace>Constr
SetUp
Applying fixtures
</DebugTrace>
        <ErrorInfo>
          <Message>Initialization method Blog.DAL.Tests.RepositoryTests.BaseSetUp threw exception. System.Reflection.TargetInvocationException: System.Reflection.TargetInvocationException: Exception has been thrown by the target of an invocation. ---&gt; System.InvalidOperationException: Unable to complete operation. The supplied SqlConnection does not specify an initial catalog..</Message>
          <StackTrace>    at System.Data.SqlClient.SqlProviderServices.GetDatabaseName(SqlConnection sqlConnection)
   at System.Data.SqlClient.SqlProviderServices.DbCreateDatabase(DbConnection connection, Nullable`1 commandTimeout, StoreItemCollection storeItemCollection)
   at System.Data.Objects.ObjectContext.CreateDatabase()
   at System.Data.Entity.Migrations.Utilities.DatabaseCreator.Create(DbConnection connection)
   at System.Data.Entity.Migrations.DbMigrator.EnsureDatabaseExists()
   at System.Data.Entity.Migrations.DbMigrator.Update(String targetMigration)
   at System.Data.Entity.Internal.DatabaseCreator.CreateDatabase(InternalContext internalContext, Func`3 createMigrator, ObjectContext objectContext)
   at System.Data.Entity.Internal.InternalContext.CreateDatabase(ObjectContext objectContext)
   at System.Data.Entity.Database.Create(Boolean skipExistsCheck)
   at System.Data.Entity.CreateDatabaseIfNotExists`1.InitializeDatabase(TContext context)
   at System.Data.Entity.Internal.InternalContext.&lt;&gt;c__DisplayClass8.&lt;PerformDatabaseInitialization&gt;b__6()
   at System.Data.Entity.Internal.InternalContext.PerformInitializationAction(Action action)
   at System.Data.Entity.Internal.InternalContext.PerformDatabaseInitialization()
   at System.Data.Entity.Internal.LazyInternalContext.&lt;InitializeDatabase&gt;b__4(InternalContext c)
   at System.Data.Entity.Internal.RetryAction`1.PerformAction(TInput input)
   at System.Data.Entity.Internal.LazyInternalContext.InitializeDatabaseAction(Action`1 action)
   at System.Data.Entity.Internal.LazyInternalContext.InitializeDatabase()
   at System.Data.Entity.Internal.InternalContext.GetEntitySetAndBaseTypeForType(Type entityType)
   at System.Data.Entity.Internal.Linq.InternalSet`1.Initialize()
   at System.Data.Entity.Internal.Linq.InternalSet`1.GetEnumerator()
   at System.Data.Entity.Infrastructure.DbQuery`1.System.Collections.Generic.IEnumerable&lt;TResult&gt;.GetEnumerator()
   at TDD.DbTestHelpers.EF.EfExtensions.ClearTable[TEntity](DbSet`1 table) in E:\Studia\_Asystentura\6.sem_letni_2012-2013\SAB\lab\TeamCity\TDD.Blog-master\TDD.DbTestHelpers\EF\EfExtensions.cs:line 13
 --- End of inner exception stack trace ---
    at System.RuntimeMethodHandle._InvokeMethodFast(IRuntimeMethodInfo method, Object target, Object[] arguments, SignatureStruct&amp; sig, MethodAttributes methodAttributes, RuntimeType typeOwner)
   at System.RuntimeMethodHandle.InvokeMethodFast(IRuntimeMethodInfo method, Object target, Object[] arguments, Signature sig, MethodAttributes methodAttributes, RuntimeType typeOwner)
   at System.Reflection.RuntimeMethodInfo.Invoke(Object obj, BindingFlags invokeAttr, Binder binder, Object[] parameters, CultureInfo culture, Boolean skipVisibilityChecks)
   at System.Reflection.RuntimeMethodInfo.Invoke(Object obj, BindingFlags invokeAttr, Binder binder, Object[] parameters, CultureInfo culture)
   at System.Reflection.MethodBase.Invoke(Object obj, Object[] parameters)
   at TDD.DbTestHelpers.Helpers.FileHelper.ClearTables(Type fixtureType, DbContext context) in E:\Studia\_Asystentura\6.sem_letni_2012-2013\SAB\lab\TeamCity\TDD.Blog-master\TDD.DbTestHelpers\Helpers\FileHelper.cs:line 30
   at TDD.DbTestHelpers.Helpers.FileHelper.ClearTables[TFixtureType](DbContext context) in E:\Studia\_Asystentura\6.sem_letni_2012-2013\SAB\lab\TeamCity\TDD.Blog-master\TDD.DbTestHelpers\Helpers\FileHelper.cs:line 19
   at TDD.DbTestHelpers.Yaml.YamlDbFixture`2.PrepareDatabase() in E:\Studia\_Asystentura\6.sem_letni_2012-2013\SAB\lab\TeamCity\TDD.Blog-master\TDD.DbTestHelpers\Yaml\YamlDbFixture.cs:line 33
   at TDD.DbTestHelpers.Core.DbBaseTest`1.ApplyFixtures() in E:\Studia\_Asystentura\6.sem_letni_2012-2013\SAB\lab\TeamCity\TDD.Blog-master\TDD.DbTestHelpers\Core\DbBaseTest.cs:line 44
   at TDD.DbTestHelpers.Core.DbBaseTest`1.BaseSetUp() in E:\Studia\_Asystentura\6.sem_letni_2012-2013\SAB\lab\TeamCity\TDD.Blog-master\TDD.DbTestHelpers\Core\DbBaseTest.cs:line 23
</StackTrace>
        </ErrorInfo>
      </Output>
    </UnitTestResult>
  </Results>
</TestRun>