<?xml version="1.0" encoding="UTF-8"?>
<TestRun id="6f921518-a35c-425c-9fe5-48c875c320c0" name="Marcin@MARCIN-KOMPUTER 2013-05-20 21:25:51" runUser="Marcin-Komputer\Marcin" xmlns="http://microsoft.com/schemas/VisualStudio/TeamTest/2010">
  <TestSettings name="Local" id="31046817-227f-4161-9a97-5d34efa999fb">
    <Description>These are default test settings for a local test run.</Description>
    <Deployment enabled="false" runDeploymentRoot="Marcin_MARCIN-KOMPUTER 2013-05-20 21_25_51">
      <DeploymentItem filename="C:\Users\Marcin\Desktop\Blog\packages\DbTestHelpers\YamlDotNet.Core.dll" />
      <DeploymentItem filename="C:\Users\Marcin\Desktop\Blog\Blog.DAL\bin\Debug\Blog.DAL.dll" />
      <DeploymentItem filename="C:\Users\Marcin\Desktop\Blog\packages\EntityFramework.5.0.0\lib\net40\EntityFramework.dll" />
      <DeploymentItem filename="C:\Users\Marcin\Desktop\Blog\packages\DbTestHelpers\YamlDotNet.RepresentationModel.dll" />
      <DeploymentItem filename="C:\Users\Marcin\Desktop\Blog\packages\DbTestHelpers\TDD.DbTestHelpers.dll" />
    </Deployment>
    <Execution>
      <TestTypeSpecific />
      <AgentRule name="Execution Agents">
      </AgentRule>
    </Execution>
  </TestSettings>
  <Times creation="2013-05-20T21:25:51.4043439+02:00" queuing="2013-05-20T21:26:01.9316876+02:00" start="2013-05-20T21:26:02.2588361+02:00" finish="2013-05-20T21:26:27.2344220+02:00" />
  <ResultSummary outcome="Error">
    <Counters total="3" executed="1" error="0" failed="0" timeout="0" aborted="1" inconclusive="0" passedButRunAborted="0" notRunnable="0" notExecuted="2" disconnected="0" warning="0" passed="0" completed="0" inProgress="0" pending="0" />
    <RunInfos>
      <RunInfo computerName="MARCIN-KOMPUTER" outcome="Error" timestamp="2013-05-20T21:26:27.2148908+02:00">
        <Text>Test host process exited unexpectedly.</Text>
      </RunInfo>
    </RunInfos>
  </ResultSummary>
  <TestDefinitions>
    <UnitTest name="GetAllPost_OnePostInDb_ReturnOnePost" storage="c:\users\marcin\desktop\blog\blog.dal.tests\bin\debug\blog.dal.tests.dll" id="8eb3fc89-a933-3141-9fc4-10d31ead6588">
      <Execution id="21cb1b31-3aec-453f-b2aa-95b39d8404fa" />
      <TestMethod codeBase="C:/Users/Marcin/Desktop/Blog/Blog.DAL.Tests/bin/Debug/Blog.DAL.Tests.DLL" adapterTypeName="Microsoft.VisualStudio.TestTools.TestTypes.Unit.UnitTestAdapter, Microsoft.VisualStudio.QualityTools.Tips.UnitTest.Adapter, Version=10.0.0.0, Culture=neutral, PublicKeyToken=b03f5f7f11d50a3a" className="Blog.DAL.Tests.RepositoryTests, Blog.DAL.Tests, Version=1.0.0.0, Culture=neutral, PublicKeyToken=null" name="GetAllPost_OnePostInDb_ReturnOnePost" />
    </UnitTest>
    <UnitTest name="GetAllPost_AddPost_TwoPostsExpected" storage="c:\users\marcin\desktop\blog\blog.dal.tests\bin\debug\blog.dal.tests.dll" id="a27eb2de-2f8f-8b86-c856-8e6bc5b885db">
      <Execution id="1372a2d8-d375-4a61-aa2f-5361ab0d081f" />
      <TestMethod codeBase="C:/Users/Marcin/Desktop/Blog/Blog.DAL.Tests/bin/Debug/Blog.DAL.Tests.DLL" adapterTypeName="Microsoft.VisualStudio.TestTools.TestTypes.Unit.UnitTestAdapter, Microsoft.VisualStudio.QualityTools.Tips.UnitTest.Adapter, Version=10.0.0.0, Culture=neutral, PublicKeyToken=b03f5f7f11d50a3a" className="Blog.DAL.Tests.RepositoryTests, Blog.DAL.Tests, Version=1.0.0.0, Culture=neutral, PublicKeyToken=null" name="GetAllPost_AddPost_TwoPostsExpected" />
    </UnitTest>
    <UnitTest name="GetAllPost_AddPostWithoutAuthor_ValidatePost" storage="c:\users\marcin\desktop\blog\blog.dal.tests\bin\debug\blog.dal.tests.dll" id="76ad8f6a-4818-5920-1b84-c94b13a5c852">
      <Execution id="b26f3e60-8af5-46a0-a14a-a8285637dc16" />
      <TestMethod codeBase="C:/Users/Marcin/Desktop/Blog/Blog.DAL.Tests/bin/Debug/Blog.DAL.Tests.DLL" adapterTypeName="Microsoft.VisualStudio.TestTools.TestTypes.Unit.UnitTestAdapter, Microsoft.VisualStudio.QualityTools.Tips.UnitTest.Adapter, Version=10.0.0.0, Culture=neutral, PublicKeyToken=b03f5f7f11d50a3a" className="Blog.DAL.Tests.RepositoryTests, Blog.DAL.Tests, Version=1.0.0.0, Culture=neutral, PublicKeyToken=null" name="GetAllPost_AddPostWithoutAuthor_ValidatePost" />
    </UnitTest>
  </TestDefinitions>
  <TestLists>
    <TestList name="Results Not in a List" id="8c84fa94-04c1-424b-9868-57a2d4851a1d" />
    <TestList name="All Loaded Results" id="19431567-8539-422a-85d7-44ee4e166bda" />
  </TestLists>
  <TestEntries>
    <TestEntry testId="8eb3fc89-a933-3141-9fc4-10d31ead6588" executionId="21cb1b31-3aec-453f-b2aa-95b39d8404fa" testListId="8c84fa94-04c1-424b-9868-57a2d4851a1d" />
    <TestEntry testId="a27eb2de-2f8f-8b86-c856-8e6bc5b885db" executionId="1372a2d8-d375-4a61-aa2f-5361ab0d081f" testListId="8c84fa94-04c1-424b-9868-57a2d4851a1d" />
    <TestEntry testId="76ad8f6a-4818-5920-1b84-c94b13a5c852" executionId="b26f3e60-8af5-46a0-a14a-a8285637dc16" testListId="8c84fa94-04c1-424b-9868-57a2d4851a1d" />
  </TestEntries>
  <Results>
    <UnitTestResult executionId="21cb1b31-3aec-453f-b2aa-95b39d8404fa" testId="8eb3fc89-a933-3141-9fc4-10d31ead6588" testName="GetAllPost_OnePostInDb_ReturnOnePost" computerName="MARCIN-KOMPUTER" duration="00:00:24.7646485" startTime="2013-05-20T21:26:02.4658673+02:00" endTime="2013-05-20T21:26:27.2305158+02:00" testType="13cdc9d9-ddb5-4fa4-a97d-d965ccfc6d4b" outcome="Aborted" testListId="8c84fa94-04c1-424b-9868-57a2d4851a1d" relativeResultsDirectory="21cb1b31-3aec-453f-b2aa-95b39d8404fa">
    </UnitTestResult>
    <UnitTestResult executionId="1372a2d8-d375-4a61-aa2f-5361ab0d081f" testId="a27eb2de-2f8f-8b86-c856-8e6bc5b885db" testName="GetAllPost_AddPost_TwoPostsExpected" computerName="MARCIN-KOMPUTER" testType="13cdc9d9-ddb5-4fa4-a97d-d965ccfc6d4b" outcome="NotExecuted" testListId="8c84fa94-04c1-424b-9868-57a2d4851a1d" relativeResultsDirectory="1372a2d8-d375-4a61-aa2f-5361ab0d081f">
    </UnitTestResult>
    <UnitTestResult executionId="b26f3e60-8af5-46a0-a14a-a8285637dc16" testId="76ad8f6a-4818-5920-1b84-c94b13a5c852" testName="GetAllPost_AddPostWithoutAuthor_ValidatePost" computerName="MARCIN-KOMPUTER" testType="13cdc9d9-ddb5-4fa4-a97d-d965ccfc6d4b" outcome="NotExecuted" testListId="8c84fa94-04c1-424b-9868-57a2d4851a1d" relativeResultsDirectory="b26f3e60-8af5-46a0-a14a-a8285637dc16">
    </UnitTestResult>
  </Results>
</TestRun>