<?xml version="1.0" encoding="UTF-8"?>
<TestRun id="d6afd6ca-4817-45e9-9981-d40fcb74a725" name="Marcin@MARCIN-KOMPUTER 2013-05-20 21:49:02" runUser="Marcin-Komputer\Marcin" xmlns="http://microsoft.com/schemas/VisualStudio/TeamTest/2010">
  <TestSettings name="Local" id="31046817-227f-4161-9a97-5d34efa999fb">
    <Description>These are default test settings for a local test run.</Description>
    <Deployment enabled="false" runDeploymentRoot="Marcin_MARCIN-KOMPUTER 2013-05-20 21_49_02">
      <DeploymentItem filename="C:\Users\Marcin\Desktop\Blog\packages\DbTestHelpers\YamlDotNet.Core.dll" />
      <DeploymentItem filename="C:\Users\Marcin\Desktop\Blog\Blog.DAL\bin\Debug\Blog.DAL.dll" />
      <DeploymentItem filename="C:\Users\Marcin\Desktop\Blog\packages\EntityFramework.5.0.0\lib\net40\EntityFramework.dll" />
      <DeploymentItem filename="C:\Users\Marcin\Desktop\Blog\packages\DbTestHelpers\YamlDotNet.RepresentationModel.dll" />
      <DeploymentItem filename="C:\Users\Marcin\Desktop\Blog\packages\DbTestHelpers\TDD.DbTestHelpers.dll" />
    </Deployment>
    <Execution>
      <TestTypeSpecific />
      <AgentRule name="Execution Agents">
      </AgentRule>
    </Execution>
  </TestSettings>
  <Times creation="2013-05-20T21:49:02.3947310+02:00" queuing="2013-05-20T21:49:04.5802779+02:00" start="2013-05-20T21:49:04.8068404+02:00" finish="2013-05-20T21:49:51.2320604+02:00" />
  <ResultSummary outcome="Error">
    <Counters total="4" executed="3" error="0" failed="2" timeout="0" aborted="1" inconclusive="0" passedButRunAborted="0" notRunnable="0" notExecuted="1" disconnected="0" warning="0" passed="0" completed="0" inProgress="0" pending="0" />
    <RunInfos>
      <RunInfo computerName="MARCIN-KOMPUTER" outcome="Error" timestamp="2013-05-20T21:49:51.2253607+02:00">
        <Text>Test host process exited unexpectedly.</Text>
      </RunInfo>
    </RunInfos>
  </ResultSummary>
  <TestDefinitions>
    <UnitTest name="GetAllPost_OnePostInDb_ReturnOnePost" storage="c:\users\marcin\desktop\blog\blog.dal.tests\bin\debug\blog.dal.tests.dll" id="8eb3fc89-a933-3141-9fc4-10d31ead6588">
      <Execution id="d5325e90-064e-4e9a-a7ed-9913ed8ba7b0" />
      <TestMethod codeBase="C:/Users/Marcin/Desktop/Blog/Blog.DAL.Tests/bin/Debug/Blog.DAL.Tests.DLL" adapterTypeName="Microsoft.VisualStudio.TestTools.TestTypes.Unit.UnitTestAdapter, Microsoft.VisualStudio.QualityTools.Tips.UnitTest.Adapter, Version=10.0.0.0, Culture=neutral, PublicKeyToken=b03f5f7f11d50a3a" className="Blog.DAL.Tests.RepositoryTests, Blog.DAL.Tests, Version=1.0.0.0, Culture=neutral, PublicKeyToken=null" name="GetAllPost_OnePostInDb_ReturnOnePost" />
    </UnitTest>
    <UnitTest name="GetAllPost_AddPost_TwoPostsExpected" storage="c:\users\marcin\desktop\blog\blog.dal.tests\bin\debug\blog.dal.tests.dll" id="a27eb2de-2f8f-8b86-c856-8e6bc5b885db">
      <Execution id="eff35ab1-c76b-44c9-9031-7ebcf355e892" />
      <TestMethod codeBase="C:/Users/Marcin/Desktop/Blog/Blog.DAL.Tests/bin/Debug/Blog.DAL.Tests.DLL" adapterTypeName="Microsoft.VisualStudio.TestTools.TestTypes.Unit.UnitTestAdapter, Microsoft.VisualStudio.QualityTools.Tips.UnitTest.Adapter, Version=10.0.0.0, Culture=neutral, PublicKeyToken=b03f5f7f11d50a3a" className="Blog.DAL.Tests.RepositoryTests, Blog.DAL.Tests, Version=1.0.0.0, Culture=neutral, PublicKeyToken=null" name="GetAllPost_AddPost_TwoPostsExpected" />
    </UnitTest>
    <UnitTest name="GetAllPost_AddPostWithoutAuthor_ValidatePost" storage="c:\users\marcin\desktop\blog\blog.dal.tests\bin\debug\blog.dal.tests.dll" id="76ad8f6a-4818-5920-1b84-c94b13a5c852">
      <Execution id="171dcd71-154b-4883-8b10-ddec0afd74d2" />
      <TestMethod codeBase="C:/Users/Marcin/Desktop/Blog/Blog.DAL.Tests/bin/Debug/Blog.DAL.Tests.DLL" adapterTypeName="Microsoft.VisualStudio.TestTools.TestTypes.Unit.UnitTestAdapter, Microsoft.VisualStudio.QualityTools.Tips.UnitTest.Adapter, Version=10.0.0.0, Culture=neutral, PublicKeyToken=b03f5f7f11d50a3a" className="Blog.DAL.Tests.RepositoryTests, Blog.DAL.Tests, Version=1.0.0.0, Culture=neutral, PublicKeyToken=null" name="GetAllPost_AddPostWithoutAuthor_ValidatePost" />
    </UnitTest>
    <UnitTest name="GetComments_AddPostAndComment_OneCommentExpected" storage="c:\users\marcin\desktop\blog\blog.dal.tests\bin\debug\blog.dal.tests.dll" id="e4e80f04-5d91-2d87-768c-10132d8bd0cb">
      <Execution id="6bffbc16-8e13-4179-98c7-2aa97f65f71a" />
      <TestMethod codeBase="C:/Users/Marcin/Desktop/Blog/Blog.DAL.Tests/bin/Debug/Blog.DAL.Tests.DLL" adapterTypeName="Microsoft.VisualStudio.TestTools.TestTypes.Unit.UnitTestAdapter, Microsoft.VisualStudio.QualityTools.Tips.UnitTest.Adapter, Version=10.0.0.0, Culture=neutral, PublicKeyToken=b03f5f7f11d50a3a" className="Blog.DAL.Tests.RepositoryTests, Blog.DAL.Tests, Version=1.0.0.0, Culture=neutral, PublicKeyToken=null" name="GetComments_AddPostAndComment_OneCommentExpected" />
    </UnitTest>
  </TestDefinitions>
  <TestLists>
    <TestList name="Results Not in a List" id="8c84fa94-04c1-424b-9868-57a2d4851a1d" />
    <TestList name="All Loaded Results" id="19431567-8539-422a-85d7-44ee4e166bda" />
  </TestLists>
  <TestEntries>
    <TestEntry testId="8eb3fc89-a933-3141-9fc4-10d31ead6588" executionId="d5325e90-064e-4e9a-a7ed-9913ed8ba7b0" testListId="8c84fa94-04c1-424b-9868-57a2d4851a1d" />
    <TestEntry testId="a27eb2de-2f8f-8b86-c856-8e6bc5b885db" executionId="eff35ab1-c76b-44c9-9031-7ebcf355e892" testListId="8c84fa94-04c1-424b-9868-57a2d4851a1d" />
    <TestEntry testId="76ad8f6a-4818-5920-1b84-c94b13a5c852" executionId="171dcd71-154b-4883-8b10-ddec0afd74d2" testListId="8c84fa94-04c1-424b-9868-57a2d4851a1d" />
    <TestEntry testId="e4e80f04-5d91-2d87-768c-10132d8bd0cb" executionId="6bffbc16-8e13-4179-98c7-2aa97f65f71a" testListId="8c84fa94-04c1-424b-9868-57a2d4851a1d" />
  </TestEntries>
  <Results>
    <UnitTestResult executionId="d5325e90-064e-4e9a-a7ed-9913ed8ba7b0" testId="8eb3fc89-a933-3141-9fc4-10d31ead6588" testName="GetAllPost_OnePostInDb_ReturnOnePost" computerName="MARCIN-KOMPUTER" duration="00:00:27.7255083" startTime="2013-05-20T21:49:05.0138716+02:00" endTime="2013-05-20T21:49:34.9924180+02:00" testType="13cdc9d9-ddb5-4fa4-a97d-d965ccfc6d4b" outcome="Failed" testListId="8c84fa94-04c1-424b-9868-57a2d4851a1d" relativeResultsDirectory="d5325e90-064e-4e9a-a7ed-9913ed8ba7b0">
      <Output>
        <DebugTrace>Constr
SetUp
Applying fixtures
C:\Users\Marcin\Desktop\Blog\Blog.DAL.Tests\bin\Debug\Fixtures\posts.yml
</DebugTrace>
        <ErrorInfo>
          <Message>Initialization method Blog.DAL.Tests.RepositoryTests.BaseSetUp threw exception. System.Exception: System.Exception: Cannot deserialize YAML file. See inner exception. ---&gt; System.Reflection.TargetInvocationException: Exception has been thrown by the target of an invocation. ---&gt; YamlDotNet.Core.SyntaxErrorException: (Lin: 2, Col: 0, Chr: 22) - (Lin: 2, Col: 0, Chr: 22): While scanning for the next token, find character that cannot start any token..</Message>
          <StackTrace>    at YamlDotNet.Core.Scanner.FetchNextToken() in d:\antoine\yamldotnet_v1\YamlDotNet.Core\Scanner.cs:line 490
   at YamlDotNet.Core.Scanner.FetchMoreTokens() in d:\antoine\yamldotnet_v1\YamlDotNet.Core\Scanner.cs:line 219
   at YamlDotNet.Core.Scanner.InternalMoveNext() in d:\antoine\yamldotnet_v1\YamlDotNet.Core\Scanner.cs:line 154
   at YamlDotNet.Core.Parser.GetCurrentToken() in d:\antoine\yamldotnet_v1\YamlDotNet.Core\Parser.cs:line 51
   at YamlDotNet.Core.Parser.ParseBlockMappingValue() in d:\antoine\yamldotnet_v1\YamlDotNet.Core\Parser.cs:line 711
   at YamlDotNet.Core.Parser.StateMachine() in d:\antoine\yamldotnet_v1\YamlDotNet.Core\Parser.cs:line 143
   at YamlDotNet.Core.Parser.MoveNext() in d:\antoine\yamldotnet_v1\YamlDotNet.Core\Parser.cs:line 94
   at YamlDotNet.Core.EventReader.MoveNext() in d:\antoine\yamldotnet_v1\YamlDotNet.Core\EventReader.cs:line 95
   at YamlDotNet.Core.EventReader.Expect[T]() in d:\antoine\yamldotnet_v1\YamlDotNet.Core\EventReader.cs:line 86
   at YamlDotNet.RepresentationModel.Serialization.YamlSerializer.DeserializeScalar(EventReader reader, Type type, DeserializationContext context) in d:\antoine\yamldotnet_v1\YamlDotNet.RepresentationModel\Serialization\YamlSerializer.cs:line 849
   at YamlDotNet.RepresentationModel.Serialization.YamlSerializer.DeserializeValueNotNull(EventReader reader, DeserializationContext context, INodeEvent nodeEvent, Type expectedType) in d:\antoine\yamldotnet_v1\YamlDotNet.RepresentationModel\Serialization\YamlSerializer.cs:line 841
   at YamlDotNet.RepresentationModel.Serialization.YamlSerializer.DeserializeValue(EventReader reader, Type expectedType, DeserializationContext context) in d:\antoine\yamldotnet_v1\YamlDotNet.RepresentationModel\Serialization\YamlSerializer.cs:line 791
   at YamlDotNet.RepresentationModel.Serialization.YamlSerializer.DeserializeProperties(EventReader reader, Type type, DeserializationContext context) in d:\antoine\yamldotnet_v1\YamlDotNet.RepresentationModel\Serialization\YamlSerializer.cs:line 1104
   at YamlDotNet.RepresentationModel.Serialization.YamlSerializer.DeserializeValueNotNull(EventReader reader, DeserializationContext context, INodeEvent nodeEvent, Type expectedType) in d:\antoine\yamldotnet_v1\YamlDotNet.RepresentationModel\Serialization\YamlSerializer.cs:line 831
   at YamlDotNet.RepresentationModel.Serialization.YamlSerializer.DeserializeValue(EventReader reader, Type expectedType, DeserializationContext context) in d:\antoine\yamldotnet_v1\YamlDotNet.RepresentationModel\Serialization\YamlSerializer.cs:line 791
   at YamlDotNet.RepresentationModel.Serialization.YamlSerializer.DeserializeProperties(EventReader reader, Type type, DeserializationContext context) in d:\antoine\yamldotnet_v1\YamlDotNet.RepresentationModel\Serialization\YamlSerializer.cs:line 1142
   at YamlDotNet.RepresentationModel.Serialization.YamlSerializer.DeserializeValueNotNull(EventReader reader, DeserializationContext context, INodeEvent nodeEvent, Type expectedType) in d:\antoine\yamldotnet_v1\YamlDotNet.RepresentationModel\Serialization\YamlSerializer.cs:line 831
   at YamlDotNet.RepresentationModel.Serialization.YamlSerializer.DeserializeValue(EventReader reader, Type expectedType, DeserializationContext context) in d:\antoine\yamldotnet_v1\YamlDotNet.RepresentationModel\Serialization\YamlSerializer.cs:line 791
   at YamlDotNet.RepresentationModel.Serialization.YamlSerializer.Deserialize(EventReader reader, DeserializationOptions options, IDeserializationContext&amp; context) in d:\antoine\yamldotnet_v1\YamlDotNet.RepresentationModel\Serialization\YamlSerializer.cs:line 758
   at YamlDotNet.RepresentationModel.Serialization.YamlSerializer.Deserialize(EventReader reader, DeserializationOptions options) in d:\antoine\yamldotnet_v1\YamlDotNet.RepresentationModel\Serialization\YamlSerializer.cs:line 716
   at YamlDotNet.RepresentationModel.Serialization.YamlSerializer.Deserialize(TextReader input, DeserializationOptions options) in d:\antoine\yamldotnet_v1\YamlDotNet.RepresentationModel\Serialization\YamlSerializer.cs:line 694
   at YamlDotNet.RepresentationModel.Serialization.YamlSerializer.Deserialize(TextReader input) in d:\antoine\yamldotnet_v1\YamlDotNet.RepresentationModel\Serialization\YamlSerializer.cs:line 683
   at YamlDotNet.RepresentationModel.Serialization.YamlSerializer`1.Deserialize(TextReader input) in d:\antoine\yamldotnet_v1\YamlDotNet.RepresentationModel\Serialization\YamlSerializer.cs:line 1236
 --- End of inner exception stack trace ---
    at System.RuntimeMethodHandle._InvokeMethodFast(IRuntimeMethodInfo method, Object target, Object[] arguments, SignatureStruct&amp; sig, MethodAttributes methodAttributes, RuntimeType typeOwner)
   at System.RuntimeMethodHandle.InvokeMethodFast(IRuntimeMethodInfo method, Object target, Object[] arguments, Signature sig, MethodAttributes methodAttributes, RuntimeType typeOwner)
   at System.Reflection.RuntimeMethodInfo.Invoke(Object obj, BindingFlags invokeAttr, Binder binder, Object[] parameters, CultureInfo culture, Boolean skipVisibilityChecks)
   at System.Reflection.RuntimeMethodInfo.Invoke(Object obj, BindingFlags invokeAttr, Binder binder, Object[] parameters, CultureInfo culture)
   at System.Reflection.MethodBase.Invoke(Object obj, Object[] parameters)
   at TDD.DbTestHelpers.Helpers.FileHelper.GetFixutresFromYaml(Type fixtureType, String yamlFolderName, IEnumerable`1 yamlFullFilesNames) in E:\Studia\_Asystentura\6.sem_letni_2012-2013\SAB\lab\TeamCity\TDD.Blog-master\TDD.DbTestHelpers\Helpers\FileHelper.cs:line 69
 --- End of inner exception stack trace ---
    at TDD.DbTestHelpers.Helpers.FileHelper.GetFixutresFromYaml(Type fixtureType, String yamlFolderName, IEnumerable`1 yamlFullFilesNames) in E:\Studia\_Asystentura\6.sem_letni_2012-2013\SAB\lab\TeamCity\TDD.Blog-master\TDD.DbTestHelpers\Helpers\FileHelper.cs:line 73
   at TDD.DbTestHelpers.Helpers.FileHelper.FillFixturesFileFiles(Type fixtureType, DbContext context, String yamlFolderName, IEnumerable`1 yamlFullFilesNames) in E:\Studia\_Asystentura\6.sem_letni_2012-2013\SAB\lab\TeamCity\TDD.Blog-master\TDD.DbTestHelpers\Helpers\FileHelper.cs:line 42
   at TDD.DbTestHelpers.Helpers.FileHelper.FillFixturesFileFiles[TFixtureType](DbContext context, String yamlFolderName, IEnumerable`1 yamlFilesNames) in E:\Studia\_Asystentura\6.sem_letni_2012-2013\SAB\lab\TeamCity\TDD.Blog-master\TDD.DbTestHelpers\Helpers\FileHelper.cs:line 37
   at TDD.DbTestHelpers.Yaml.YamlDbFixture`2.FillFixtures() in E:\Studia\_Asystentura\6.sem_letni_2012-2013\SAB\lab\TeamCity\TDD.Blog-master\TDD.DbTestHelpers\Yaml\YamlDbFixture.cs:line 38
   at TDD.DbTestHelpers.Core.DbBaseTest`1.ApplyFixtures() in E:\Studia\_Asystentura\6.sem_letni_2012-2013\SAB\lab\TeamCity\TDD.Blog-master\TDD.DbTestHelpers\Core\DbBaseTest.cs:line 45
   at TDD.DbTestHelpers.Core.DbBaseTest`1.BaseSetUp() in E:\Studia\_Asystentura\6.sem_letni_2012-2013\SAB\lab\TeamCity\TDD.Blog-master\TDD.DbTestHelpers\Core\DbBaseTest.cs:line 23
</StackTrace>
        </ErrorInfo>
      </Output>
    </UnitTestResult>
    <UnitTestResult executionId="eff35ab1-c76b-44c9-9031-7ebcf355e892" testId="a27eb2de-2f8f-8b86-c856-8e6bc5b885db" testName="GetAllPost_AddPost_TwoPostsExpected" computerName="MARCIN-KOMPUTER" duration="00:00:07.5768203" startTime="2013-05-20T21:49:35.0098200+02:00" endTime="2013-05-20T21:49:41.7600558+02:00" testType="13cdc9d9-ddb5-4fa4-a97d-d965ccfc6d4b" outcome="Failed" testListId="8c84fa94-04c1-424b-9868-57a2d4851a1d" relativeResultsDirectory="eff35ab1-c76b-44c9-9031-7ebcf355e892">
      <Output>
        <DebugTrace>Constr
SetUp
Applying fixtures
C:\Users\Marcin\Desktop\Blog\Blog.DAL.Tests\bin\Debug\Fixtures\posts.yml
</DebugTrace>
        <ErrorInfo>
          <Message>Initialization method Blog.DAL.Tests.RepositoryTests.BaseSetUp threw exception. System.Exception: System.Exception: Cannot deserialize YAML file. See inner exception. ---&gt; System.Reflection.TargetInvocationException: Exception has been thrown by the target of an invocation. ---&gt; YamlDotNet.Core.SyntaxErrorException: (Lin: 2, Col: 0, Chr: 22) - (Lin: 2, Col: 0, Chr: 22): While scanning for the next token, find character that cannot start any token..</Message>
          <StackTrace>    at YamlDotNet.Core.Scanner.FetchNextToken() in d:\antoine\yamldotnet_v1\YamlDotNet.Core\Scanner.cs:line 490
   at YamlDotNet.Core.Scanner.FetchMoreTokens() in d:\antoine\yamldotnet_v1\YamlDotNet.Core\Scanner.cs:line 219
   at YamlDotNet.Core.Scanner.InternalMoveNext() in d:\antoine\yamldotnet_v1\YamlDotNet.Core\Scanner.cs:line 154
   at YamlDotNet.Core.Parser.GetCurrentToken() in d:\antoine\yamldotnet_v1\YamlDotNet.Core\Parser.cs:line 51
   at YamlDotNet.Core.Parser.ParseBlockMappingValue() in d:\antoine\yamldotnet_v1\YamlDotNet.Core\Parser.cs:line 711
   at YamlDotNet.Core.Parser.StateMachine() in d:\antoine\yamldotnet_v1\YamlDotNet.Core\Parser.cs:line 143
   at YamlDotNet.Core.Parser.MoveNext() in d:\antoine\yamldotnet_v1\YamlDotNet.Core\Parser.cs:line 94
   at YamlDotNet.Core.EventReader.MoveNext() in d:\antoine\yamldotnet_v1\YamlDotNet.Core\EventReader.cs:line 95
   at YamlDotNet.Core.EventReader.Expect[T]() in d:\antoine\yamldotnet_v1\YamlDotNet.Core\EventReader.cs:line 86
   at YamlDotNet.RepresentationModel.Serialization.YamlSerializer.DeserializeScalar(EventReader reader, Type type, DeserializationContext context) in d:\antoine\yamldotnet_v1\YamlDotNet.RepresentationModel\Serialization\YamlSerializer.cs:line 849
   at YamlDotNet.RepresentationModel.Serialization.YamlSerializer.DeserializeValueNotNull(EventReader reader, DeserializationContext context, INodeEvent nodeEvent, Type expectedType) in d:\antoine\yamldotnet_v1\YamlDotNet.RepresentationModel\Serialization\YamlSerializer.cs:line 841
   at YamlDotNet.RepresentationModel.Serialization.YamlSerializer.DeserializeValue(EventReader reader, Type expectedType, DeserializationContext context) in d:\antoine\yamldotnet_v1\YamlDotNet.RepresentationModel\Serialization\YamlSerializer.cs:line 791
   at YamlDotNet.RepresentationModel.Serialization.YamlSerializer.DeserializeProperties(EventReader reader, Type type, DeserializationContext context) in d:\antoine\yamldotnet_v1\YamlDotNet.RepresentationModel\Serialization\YamlSerializer.cs:line 1104
   at YamlDotNet.RepresentationModel.Serialization.YamlSerializer.DeserializeValueNotNull(EventReader reader, DeserializationContext context, INodeEvent nodeEvent, Type expectedType) in d:\antoine\yamldotnet_v1\YamlDotNet.RepresentationModel\Serialization\YamlSerializer.cs:line 831
   at YamlDotNet.RepresentationModel.Serialization.YamlSerializer.DeserializeValue(EventReader reader, Type expectedType, DeserializationContext context) in d:\antoine\yamldotnet_v1\YamlDotNet.RepresentationModel\Serialization\YamlSerializer.cs:line 791
   at YamlDotNet.RepresentationModel.Serialization.YamlSerializer.DeserializeProperties(EventReader reader, Type type, DeserializationContext context) in d:\antoine\yamldotnet_v1\YamlDotNet.RepresentationModel\Serialization\YamlSerializer.cs:line 1142
   at YamlDotNet.RepresentationModel.Serialization.YamlSerializer.DeserializeValueNotNull(EventReader reader, DeserializationContext context, INodeEvent nodeEvent, Type expectedType) in d:\antoine\yamldotnet_v1\YamlDotNet.RepresentationModel\Serialization\YamlSerializer.cs:line 831
   at YamlDotNet.RepresentationModel.Serialization.YamlSerializer.DeserializeValue(EventReader reader, Type expectedType, DeserializationContext context) in d:\antoine\yamldotnet_v1\YamlDotNet.RepresentationModel\Serialization\YamlSerializer.cs:line 791
   at YamlDotNet.RepresentationModel.Serialization.YamlSerializer.Deserialize(EventReader reader, DeserializationOptions options, IDeserializationContext&amp; context) in d:\antoine\yamldotnet_v1\YamlDotNet.RepresentationModel\Serialization\YamlSerializer.cs:line 758
   at YamlDotNet.RepresentationModel.Serialization.YamlSerializer.Deserialize(EventReader reader, DeserializationOptions options) in d:\antoine\yamldotnet_v1\YamlDotNet.RepresentationModel\Serialization\YamlSerializer.cs:line 716
   at YamlDotNet.RepresentationModel.Serialization.YamlSerializer.Deserialize(TextReader input, DeserializationOptions options) in d:\antoine\yamldotnet_v1\YamlDotNet.RepresentationModel\Serialization\YamlSerializer.cs:line 694
   at YamlDotNet.RepresentationModel.Serialization.YamlSerializer.Deserialize(TextReader input) in d:\antoine\yamldotnet_v1\YamlDotNet.RepresentationModel\Serialization\YamlSerializer.cs:line 683
   at YamlDotNet.RepresentationModel.Serialization.YamlSerializer`1.Deserialize(TextReader input) in d:\antoine\yamldotnet_v1\YamlDotNet.RepresentationModel\Serialization\YamlSerializer.cs:line 1236
 --- End of inner exception stack trace ---
    at System.RuntimeMethodHandle._InvokeMethodFast(IRuntimeMethodInfo method, Object target, Object[] arguments, SignatureStruct&amp; sig, MethodAttributes methodAttributes, RuntimeType typeOwner)
   at System.RuntimeMethodHandle.InvokeMethodFast(IRuntimeMethodInfo method, Object target, Object[] arguments, Signature sig, MethodAttributes methodAttributes, RuntimeType typeOwner)
   at System.Reflection.RuntimeMethodInfo.Invoke(Object obj, BindingFlags invokeAttr, Binder binder, Object[] parameters, CultureInfo culture, Boolean skipVisibilityChecks)
   at System.Reflection.RuntimeMethodInfo.Invoke(Object obj, BindingFlags invokeAttr, Binder binder, Object[] parameters, CultureInfo culture)
   at System.Reflection.MethodBase.Invoke(Object obj, Object[] parameters)
   at TDD.DbTestHelpers.Helpers.FileHelper.GetFixutresFromYaml(Type fixtureType, String yamlFolderName, IEnumerable`1 yamlFullFilesNames) in E:\Studia\_Asystentura\6.sem_letni_2012-2013\SAB\lab\TeamCity\TDD.Blog-master\TDD.DbTestHelpers\Helpers\FileHelper.cs:line 69
 --- End of inner exception stack trace ---
    at TDD.DbTestHelpers.Helpers.FileHelper.GetFixutresFromYaml(Type fixtureType, String yamlFolderName, IEnumerable`1 yamlFullFilesNames) in E:\Studia\_Asystentura\6.sem_letni_2012-2013\SAB\lab\TeamCity\TDD.Blog-master\TDD.DbTestHelpers\Helpers\FileHelper.cs:line 73
   at TDD.DbTestHelpers.Helpers.FileHelper.FillFixturesFileFiles(Type fixtureType, DbContext context, String yamlFolderName, IEnumerable`1 yamlFullFilesNames) in E:\Studia\_Asystentura\6.sem_letni_2012-2013\SAB\lab\TeamCity\TDD.Blog-master\TDD.DbTestHelpers\Helpers\FileHelper.cs:line 42
   at TDD.DbTestHelpers.Helpers.FileHelper.FillFixturesFileFiles[TFixtureType](DbContext context, String yamlFolderName, IEnumerable`1 yamlFilesNames) in E:\Studia\_Asystentura\6.sem_letni_2012-2013\SAB\lab\TeamCity\TDD.Blog-master\TDD.DbTestHelpers\Helpers\FileHelper.cs:line 37
   at TDD.DbTestHelpers.Yaml.YamlDbFixture`2.FillFixtures() in E:\Studia\_Asystentura\6.sem_letni_2012-2013\SAB\lab\TeamCity\TDD.Blog-master\TDD.DbTestHelpers\Yaml\YamlDbFixture.cs:line 38
   at TDD.DbTestHelpers.Core.DbBaseTest`1.ApplyFixtures() in E:\Studia\_Asystentura\6.sem_letni_2012-2013\SAB\lab\TeamCity\TDD.Blog-master\TDD.DbTestHelpers\Core\DbBaseTest.cs:line 45
   at TDD.DbTestHelpers.Core.DbBaseTest`1.BaseSetUp() in E:\Studia\_Asystentura\6.sem_letni_2012-2013\SAB\lab\TeamCity\TDD.Blog-master\TDD.DbTestHelpers\Core\DbBaseTest.cs:line 23
</StackTrace>
        </ErrorInfo>
      </Output>
    </UnitTestResult>
    <UnitTestResult executionId="171dcd71-154b-4883-8b10-ddec0afd74d2" testId="76ad8f6a-4818-5920-1b84-c94b13a5c852" testName="GetAllPost_AddPostWithoutAuthor_ValidatePost" computerName="MARCIN-KOMPUTER" duration="00:00:09.4535585" startTime="2013-05-20T21:49:41.7765877+02:00" endTime="2013-05-20T21:49:51.2301462+02:00" testType="13cdc9d9-ddb5-4fa4-a97d-d965ccfc6d4b" outcome="Aborted" testListId="8c84fa94-04c1-424b-9868-57a2d4851a1d" relativeResultsDirectory="171dcd71-154b-4883-8b10-ddec0afd74d2">
    </UnitTestResult>
    <UnitTestResult executionId="6bffbc16-8e13-4179-98c7-2aa97f65f71a" testId="e4e80f04-5d91-2d87-768c-10132d8bd0cb" testName="GetComments_AddPostAndComment_OneCommentExpected" computerName="MARCIN-KOMPUTER" testType="13cdc9d9-ddb5-4fa4-a97d-d965ccfc6d4b" outcome="NotExecuted" testListId="8c84fa94-04c1-424b-9868-57a2d4851a1d" relativeResultsDirectory="6bffbc16-8e13-4179-98c7-2aa97f65f71a">
    </UnitTestResult>
  </Results>
</TestRun>