<?xml version="1.0" encoding="UTF-8"?>
<TestRun id="9cd79286-b411-433f-bea3-5ce21a293fb4" name="Marcin@MARCIN-KOMPUTER 2013-05-20 22:27:20" runUser="Marcin-Komputer\Marcin" xmlns="http://microsoft.com/schemas/VisualStudio/TeamTest/2010">
  <TestSettings name="Local" id="31046817-227f-4161-9a97-5d34efa999fb">
    <Description>These are default test settings for a local test run.</Description>
    <Deployment enabled="false" runDeploymentRoot="Marcin_MARCIN-KOMPUTER 2013-05-20 22_27_20">
      <DeploymentItem filename="C:\Users\Marcin\Desktop\Blog\packages\DbTestHelpers\YamlDotNet.Core.dll" />
      <DeploymentItem filename="C:\Users\Marcin\Desktop\Blog\Blog.DAL\bin\Debug\Blog.DAL.dll" />
      <DeploymentItem filename="C:\Users\Marcin\Desktop\Blog\packages\EntityFramework.5.0.0\lib\net40\EntityFramework.dll" />
      <DeploymentItem filename="C:\Users\Marcin\Desktop\Blog\packages\DbTestHelpers\YamlDotNet.RepresentationModel.dll" />
      <DeploymentItem filename="C:\Users\Marcin\Desktop\Blog\packages\DbTestHelpers\TDD.DbTestHelpers.dll" />
    </Deployment>
    <Execution>
      <TestTypeSpecific />
      <AgentRule name="Execution Agents">
      </AgentRule>
    </Execution>
  </TestSettings>
  <Times creation="2013-05-20T22:27:20.2354639+02:00" queuing="2013-05-20T22:27:20.4973640+02:00" start="2013-05-20T22:27:20.5530504+02:00" finish="2013-05-20T22:27:25.4525835+02:00" />
  <ResultSummary outcome="Completed">
    <Counters total="1" executed="1" passed="1" error="0" failed="0" timeout="0" aborted="0" inconclusive="0" passedButRunAborted="0" notRunnable="0" notExecuted="0" disconnected="0" warning="0" completed="0" inProgress="0" pending="0" />
  </ResultSummary>
  <TestDefinitions>
    <UnitTest name="GetComments_AddPostAndComment_OneCommentExpected" storage="c:\users\marcin\desktop\blog\blog.dal.tests\bin\debug\blog.dal.tests.dll" id="e4e80f04-5d91-2d87-768c-10132d8bd0cb">
      <Execution id="27ea8b9c-08d2-4fbb-9194-7f8fbcf41589" />
      <TestMethod codeBase="C:/Users/Marcin/Desktop/Blog/Blog.DAL.Tests/bin/Debug/Blog.DAL.Tests.DLL" adapterTypeName="Microsoft.VisualStudio.TestTools.TestTypes.Unit.UnitTestAdapter, Microsoft.VisualStudio.QualityTools.Tips.UnitTest.Adapter, Version=10.0.0.0, Culture=neutral, PublicKeyToken=b03f5f7f11d50a3a" className="Blog.DAL.Tests.RepositoryTests, Blog.DAL.Tests, Version=1.0.0.0, Culture=neutral, PublicKeyToken=null" name="GetComments_AddPostAndComment_OneCommentExpected" />
    </UnitTest>
  </TestDefinitions>
  <TestLists>
    <TestList name="Results Not in a List" id="8c84fa94-04c1-424b-9868-57a2d4851a1d" />
    <TestList name="All Loaded Results" id="19431567-8539-422a-85d7-44ee4e166bda" />
  </TestLists>
  <TestEntries>
    <TestEntry testId="e4e80f04-5d91-2d87-768c-10132d8bd0cb" executionId="27ea8b9c-08d2-4fbb-9194-7f8fbcf41589" testListId="8c84fa94-04c1-424b-9868-57a2d4851a1d" />
  </TestEntries>
  <Results>
    <UnitTestResult executionId="27ea8b9c-08d2-4fbb-9194-7f8fbcf41589" testId="e4e80f04-5d91-2d87-768c-10132d8bd0cb" testName="GetComments_AddPostAndComment_OneCommentExpected" computerName="MARCIN-KOMPUTER" duration="00:00:03.5609534" startTime="2013-05-20T22:27:20.6139574+02:00" endTime="2013-05-20T22:27:24.0630338+02:00" testType="13cdc9d9-ddb5-4fa4-a97d-d965ccfc6d4b" outcome="Passed" testListId="8c84fa94-04c1-424b-9868-57a2d4851a1d" relativeResultsDirectory="27ea8b9c-08d2-4fbb-9194-7f8fbcf41589">
      <Output>
        <DebugTrace>Constr
SetUp
Applying fixtures
C:\Users\Marcin\Desktop\Blog\Blog.DAL.Tests\bin\Debug\Fixtures\posts.yml
FixtureSetUp
</DebugTrace>
      </Output>
    </UnitTestResult>
  </Results>
</TestRun>