<?xml version="1.0" encoding="UTF-8"?>
<TestRun id="55afe185-61f6-4b7e-b729-fd2c4e89d294" name="Marcin@MARCIN-KOMPUTER 2013-05-20 22:20:21" runUser="Marcin-Komputer\Marcin" xmlns="http://microsoft.com/schemas/VisualStudio/TeamTest/2010">
  <TestSettings name="Local" id="31046817-227f-4161-9a97-5d34efa999fb">
    <Description>These are default test settings for a local test run.</Description>
    <Deployment enabled="false" runDeploymentRoot="Marcin_MARCIN-KOMPUTER 2013-05-20 22_20_21">
      <DeploymentItem filename="C:\Users\Marcin\Desktop\Blog\packages\DbTestHelpers\YamlDotNet.Core.dll" />
      <DeploymentItem filename="C:\Users\Marcin\Desktop\Blog\Blog.DAL\bin\Debug\Blog.DAL.dll" />
      <DeploymentItem filename="C:\Users\Marcin\Desktop\Blog\packages\EntityFramework.5.0.0\lib\net40\EntityFramework.dll" />
      <DeploymentItem filename="C:\Users\Marcin\Desktop\Blog\packages\DbTestHelpers\YamlDotNet.RepresentationModel.dll" />
      <DeploymentItem filename="C:\Users\Marcin\Desktop\Blog\packages\DbTestHelpers\TDD.DbTestHelpers.dll" />
    </Deployment>
    <Execution>
      <TestTypeSpecific />
      <AgentRule name="Execution Agents">
      </AgentRule>
    </Execution>
  </TestSettings>
  <Times creation="2013-05-20T22:20:21.5515997+02:00" queuing="2013-05-20T22:20:23.6580450+02:00" start="2013-05-20T22:20:23.8807012+02:00" finish="2013-05-20T22:21:08.2489683+02:00" />
  <ResultSummary outcome="Error">
    <Counters total="4" executed="3" passed="2" error="0" failed="0" timeout="0" aborted="1" inconclusive="0" passedButRunAborted="0" notRunnable="0" notExecuted="1" disconnected="0" warning="0" completed="0" inProgress="0" pending="0" />
    <RunInfos>
      <RunInfo computerName="MARCIN-KOMPUTER" outcome="Error" timestamp="2013-05-20T22:21:08.2414489+02:00">
        <Text>Test host process exited unexpectedly.</Text>
      </RunInfo>
    </RunInfos>
  </ResultSummary>
  <TestDefinitions>
    <UnitTest name="GetAllPost_OnePostInDb_ReturnOnePost" storage="c:\users\marcin\desktop\blog\blog.dal.tests\bin\debug\blog.dal.tests.dll" id="8eb3fc89-a933-3141-9fc4-10d31ead6588">
      <Execution id="7c8a79b2-1699-4612-88e7-ef201afdb05a" />
      <TestMethod codeBase="C:/Users/Marcin/Desktop/Blog/Blog.DAL.Tests/bin/Debug/Blog.DAL.Tests.DLL" adapterTypeName="Microsoft.VisualStudio.TestTools.TestTypes.Unit.UnitTestAdapter, Microsoft.VisualStudio.QualityTools.Tips.UnitTest.Adapter, Version=10.0.0.0, Culture=neutral, PublicKeyToken=b03f5f7f11d50a3a" className="Blog.DAL.Tests.RepositoryTests, Blog.DAL.Tests, Version=1.0.0.0, Culture=neutral, PublicKeyToken=null" name="GetAllPost_OnePostInDb_ReturnOnePost" />
    </UnitTest>
    <UnitTest name="GetAllPost_AddPost_TwoPostsExpected" storage="c:\users\marcin\desktop\blog\blog.dal.tests\bin\debug\blog.dal.tests.dll" id="a27eb2de-2f8f-8b86-c856-8e6bc5b885db">
      <Execution id="a5fc2df7-6def-495d-b996-a39b7b9b4dfa" />
      <TestMethod codeBase="C:/Users/Marcin/Desktop/Blog/Blog.DAL.Tests/bin/Debug/Blog.DAL.Tests.DLL" adapterTypeName="Microsoft.VisualStudio.TestTools.TestTypes.Unit.UnitTestAdapter, Microsoft.VisualStudio.QualityTools.Tips.UnitTest.Adapter, Version=10.0.0.0, Culture=neutral, PublicKeyToken=b03f5f7f11d50a3a" className="Blog.DAL.Tests.RepositoryTests, Blog.DAL.Tests, Version=1.0.0.0, Culture=neutral, PublicKeyToken=null" name="GetAllPost_AddPost_TwoPostsExpected" />
    </UnitTest>
    <UnitTest name="GetAllPost_AddPostWithoutAuthor_ValidatePost" storage="c:\users\marcin\desktop\blog\blog.dal.tests\bin\debug\blog.dal.tests.dll" id="76ad8f6a-4818-5920-1b84-c94b13a5c852">
      <Execution id="08e9cd4f-0a90-47ac-a45f-4a85e785620f" />
      <TestMethod codeBase="C:/Users/Marcin/Desktop/Blog/Blog.DAL.Tests/bin/Debug/Blog.DAL.Tests.DLL" adapterTypeName="Microsoft.VisualStudio.TestTools.TestTypes.Unit.UnitTestAdapter, Microsoft.VisualStudio.QualityTools.Tips.UnitTest.Adapter, Version=10.0.0.0, Culture=neutral, PublicKeyToken=b03f5f7f11d50a3a" className="Blog.DAL.Tests.RepositoryTests, Blog.DAL.Tests, Version=1.0.0.0, Culture=neutral, PublicKeyToken=null" name="GetAllPost_AddPostWithoutAuthor_ValidatePost" />
    </UnitTest>
    <UnitTest name="GetComments_AddPostAndComment_OneCommentExpected" storage="c:\users\marcin\desktop\blog\blog.dal.tests\bin\debug\blog.dal.tests.dll" id="e4e80f04-5d91-2d87-768c-10132d8bd0cb">
      <Execution id="5375940e-4648-4e16-a9a2-bc2ecd78104c" />
      <TestMethod codeBase="C:/Users/Marcin/Desktop/Blog/Blog.DAL.Tests/bin/Debug/Blog.DAL.Tests.DLL" adapterTypeName="Microsoft.VisualStudio.TestTools.TestTypes.Unit.UnitTestAdapter, Microsoft.VisualStudio.QualityTools.Tips.UnitTest.Adapter, Version=10.0.0.0, Culture=neutral, PublicKeyToken=b03f5f7f11d50a3a" className="Blog.DAL.Tests.RepositoryTests, Blog.DAL.Tests, Version=1.0.0.0, Culture=neutral, PublicKeyToken=null" name="GetComments_AddPostAndComment_OneCommentExpected" />
    </UnitTest>
  </TestDefinitions>
  <TestLists>
    <TestList name="Results Not in a List" id="8c84fa94-04c1-424b-9868-57a2d4851a1d" />
    <TestList name="All Loaded Results" id="19431567-8539-422a-85d7-44ee4e166bda" />
  </TestLists>
  <TestEntries>
    <TestEntry testId="8eb3fc89-a933-3141-9fc4-10d31ead6588" executionId="7c8a79b2-1699-4612-88e7-ef201afdb05a" testListId="8c84fa94-04c1-424b-9868-57a2d4851a1d" />
    <TestEntry testId="a27eb2de-2f8f-8b86-c856-8e6bc5b885db" executionId="a5fc2df7-6def-495d-b996-a39b7b9b4dfa" testListId="8c84fa94-04c1-424b-9868-57a2d4851a1d" />
    <TestEntry testId="76ad8f6a-4818-5920-1b84-c94b13a5c852" executionId="08e9cd4f-0a90-47ac-a45f-4a85e785620f" testListId="8c84fa94-04c1-424b-9868-57a2d4851a1d" />
    <TestEntry testId="e4e80f04-5d91-2d87-768c-10132d8bd0cb" executionId="5375940e-4648-4e16-a9a2-bc2ecd78104c" testListId="8c84fa94-04c1-424b-9868-57a2d4851a1d" />
  </TestEntries>
  <Results>
    <UnitTestResult executionId="7c8a79b2-1699-4612-88e7-ef201afdb05a" testId="8eb3fc89-a933-3141-9fc4-10d31ead6588" testName="GetAllPost_OnePostInDb_ReturnOnePost" computerName="MARCIN-KOMPUTER" duration="00:00:08.3910103" startTime="2013-05-20T22:20:24.0789434+02:00" endTime="2013-05-20T22:20:33.9637090+02:00" testType="13cdc9d9-ddb5-4fa4-a97d-d965ccfc6d4b" outcome="Passed" testListId="8c84fa94-04c1-424b-9868-57a2d4851a1d" relativeResultsDirectory="7c8a79b2-1699-4612-88e7-ef201afdb05a">
      <Output>
        <DebugTrace>Constr
SetUp
Applying fixtures
C:\Users\Marcin\Desktop\Blog\Blog.DAL.Tests\bin\Debug\Fixtures\posts.yml
FixtureSetUp
</DebugTrace>
      </Output>
    </UnitTestResult>
    <UnitTestResult executionId="a5fc2df7-6def-495d-b996-a39b7b9b4dfa" testId="a27eb2de-2f8f-8b86-c856-8e6bc5b885db" testName="GetAllPost_AddPost_TwoPostsExpected" computerName="MARCIN-KOMPUTER" duration="00:00:02.1912992" startTime="2013-05-20T22:20:33.9773809+02:00" endTime="2013-05-20T22:20:36.1814825+02:00" testType="13cdc9d9-ddb5-4fa4-a97d-d965ccfc6d4b" outcome="Passed" testListId="8c84fa94-04c1-424b-9868-57a2d4851a1d" relativeResultsDirectory="a5fc2df7-6def-495d-b996-a39b7b9b4dfa">
      <Output>
        <DebugTrace>Constr
SetUp
Applying fixtures
C:\Users\Marcin\Desktop\Blog\Blog.DAL.Tests\bin\Debug\Fixtures\posts.yml
FixtureSetUp
</DebugTrace>
      </Output>
    </UnitTestResult>
    <UnitTestResult executionId="08e9cd4f-0a90-47ac-a45f-4a85e785620f" testId="76ad8f6a-4818-5920-1b84-c94b13a5c852" testName="GetAllPost_AddPostWithoutAuthor_ValidatePost" computerName="MARCIN-KOMPUTER" duration="00:00:32.0486382" startTime="2013-05-20T22:20:36.1971075+02:00" endTime="2013-05-20T22:21:08.2457457+02:00" testType="13cdc9d9-ddb5-4fa4-a97d-d965ccfc6d4b" outcome="Aborted" testListId="8c84fa94-04c1-424b-9868-57a2d4851a1d" relativeResultsDirectory="08e9cd4f-0a90-47ac-a45f-4a85e785620f">
    </UnitTestResult>
    <UnitTestResult executionId="5375940e-4648-4e16-a9a2-bc2ecd78104c" testId="e4e80f04-5d91-2d87-768c-10132d8bd0cb" testName="GetComments_AddPostAndComment_OneCommentExpected" computerName="MARCIN-KOMPUTER" testType="13cdc9d9-ddb5-4fa4-a97d-d965ccfc6d4b" outcome="NotExecuted" testListId="8c84fa94-04c1-424b-9868-57a2d4851a1d" relativeResultsDirectory="5375940e-4648-4e16-a9a2-bc2ecd78104c">
    </UnitTestResult>
  </Results>
</TestRun>